2019-11-14 19:57:57 [scrapy.utils.log] INFO: Scrapy 1.8.0 started (bot: price_scraper)
2019-11-14 19:57:57 [scrapy.utils.log] INFO: Versions: lxml 4.4.1.0, libxml2 2.9.9, cssselect 1.1.0, parsel 1.5.2, w3lib 1.21.0, Twisted 19.10.0, Python 2.7.15+ (default, Nov 27 2018, 23:36:35) - [GCC 7.3.0], pyOpenSSL 19.0.0 (OpenSSL 1.1.1d  10 Sep 2019), cryptography 2.8, Platform Linux-5.0.0-32-generic-x86_64-with-Ubuntu-18.04-bionic
2019-11-14 19:57:57 [scrapy.crawler] INFO: Overridden settings: {'NEWSPIDER_MODULE': 'price_scraper.spiders', 'ROBOTSTXT_OBEY': True, 'SPIDER_MODULES': ['price_scraper.spiders'], 'BOT_NAME': 'price_scraper', 'USER_AGENT': 'Mozilla/5.0 (compatible; Googlebot/2.1; +http://www.google.com/bot.html)', 'LOG_FILE': 'logs/default/FabelioScraper/0abaf084071911ea99870800275e8b29.log'}
2019-11-14 19:57:57 [scrapy.extensions.telnet] INFO: Telnet Password: 15986cce3fbf43db
2019-11-14 19:57:57 [scrapy.middleware] INFO: Enabled extensions:
['scrapy.extensions.memusage.MemoryUsage',
 'scrapy.extensions.logstats.LogStats',
 'scrapy.extensions.telnet.TelnetConsole',
 'scrapy.extensions.corestats.CoreStats']
2019-11-14 19:57:57 [scrapy.middleware] INFO: Enabled downloader middlewares:
['scrapy.downloadermiddlewares.robotstxt.RobotsTxtMiddleware',
 'scrapy.downloadermiddlewares.httpauth.HttpAuthMiddleware',
 'scrapy.downloadermiddlewares.downloadtimeout.DownloadTimeoutMiddleware',
 'scrapy.downloadermiddlewares.defaultheaders.DefaultHeadersMiddleware',
 'scrapy.downloadermiddlewares.useragent.UserAgentMiddleware',
 'scrapy.downloadermiddlewares.retry.RetryMiddleware',
 'scrapy.downloadermiddlewares.redirect.MetaRefreshMiddleware',
 'scrapy.downloadermiddlewares.httpcompression.HttpCompressionMiddleware',
 'scrapy.downloadermiddlewares.redirect.RedirectMiddleware',
 'scrapy.downloadermiddlewares.cookies.CookiesMiddleware',
 'scrapy.downloadermiddlewares.httpproxy.HttpProxyMiddleware',
 'scrapy.downloadermiddlewares.stats.DownloaderStats']
2019-11-14 19:57:57 [scrapy.middleware] INFO: Enabled spider middlewares:
['scrapy.spidermiddlewares.httperror.HttpErrorMiddleware',
 'scrapy.spidermiddlewares.offsite.OffsiteMiddleware',
 'scrapy.spidermiddlewares.referer.RefererMiddleware',
 'scrapy.spidermiddlewares.urllength.UrlLengthMiddleware',
 'scrapy.spidermiddlewares.depth.DepthMiddleware']
2019-11-14 19:57:57 [scrapy.middleware] INFO: Enabled item pipelines:
['price_scraper.pipelines.PriceScraperPipeline']
2019-11-14 19:57:57 [scrapy.core.engine] INFO: Spider opened
2019-11-14 19:57:57 [scrapy.extensions.logstats] INFO: Crawled 0 pages (at 0 pages/min), scraped 0 items (at 0 items/min)
2019-11-14 19:57:57 [scrapy.extensions.telnet] INFO: Telnet console listening on 127.0.0.1:6023
2019-11-14 19:57:58 [scrapy.core.engine] DEBUG: Crawled (200) <GET https://fabelio.com/robots.txt> (referer: None)
2019-11-14 19:57:59 [scrapy.core.engine] DEBUG: Crawled (200) <GET https://fabelio.com/ip/set-kamar-tidur-tromso-bed-room.html> (referer: None)
2019-11-14 19:57:59 [scrapy.core.scraper] DEBUG: Scraped from <200 https://fabelio.com/ip/set-kamar-tidur-tromso-bed-room.html>
{'category': u'Rp 5.999.000',
 'name': [u'Tromso Bedroom Set'],
 'pageLink': <ProductPage: >,
 'price': u'Rp 5.999.000'}
2019-11-14 19:57:59 [scrapy.core.engine] INFO: Closing spider (finished)
2019-11-14 19:57:59 [scrapy.statscollectors] INFO: Dumping Scrapy stats:
{'downloader/request_bytes': 607,
 'downloader/request_count': 2,
 'downloader/request_method_count/GET': 2,
 'downloader/response_bytes': 44459,
 'downloader/response_count': 2,
 'downloader/response_status_count/200': 2,
 'elapsed_time_seconds': 2.125579,
 'finish_reason': 'finished',
 'finish_time': datetime.datetime(2019, 11, 14, 19, 57, 59, 924276),
 'item_scraped_count': 1,
 'log_count/DEBUG': 3,
 'log_count/INFO': 10,
 'memusage/max': 71417856,
 'memusage/startup': 71417856,
 'response_received_count': 2,
 'robotstxt/request_count': 1,
 'robotstxt/response_count': 1,
 'robotstxt/response_status_count/200': 1,
 'scheduler/dequeued': 1,
 'scheduler/dequeued/memory': 1,
 'scheduler/enqueued': 1,
 'scheduler/enqueued/memory': 1,
 'start_time': datetime.datetime(2019, 11, 14, 19, 57, 57, 798697)}
2019-11-14 19:57:59 [scrapy.core.engine] INFO: Spider closed (finished)
